<?xml version="1.0" encoding="UTF-8"?>
<testsuite xmlns:xsi="http://www.w3.org/2001/XMLSchema-instance" xsi:noNamespaceSchemaLocation="https://maven.apache.org/surefire/maven-surefire-plugin/xsd/surefire-test-report.xsd" name="com.parkit.parkingsystem.dao.ParkingSpotDAOTest" time="15.84" tests="8" errors="0" skipped="0" failures="0">
  <properties>
    <property name="java.specification.version" value="17"/>
    <property name="sun.cpu.isalist" value="amd64"/>
    <property name="sun.jnu.encoding" value="Cp1252"/>
    <property name="java.class.path" value="C:\Users\mathieu\Desktop\Formation Opencalssroom\Projet 4\P4_parkingSystem\target\test-classes;C:\Users\mathieu\Desktop\Formation Opencalssroom\Projet 4\P4_parkingSystem\target\classes;C:\Users\mathieu\.m2\repository\org\apache\logging\log4j\log4j-api\2.17.2\log4j-api-2.17.2.jar;C:\Users\mathieu\.m2\repository\org\apache\logging\log4j\log4j-core\2.17.2\log4j-core-2.17.2.jar;C:\Users\mathieu\.m2\repository\mysql\mysql-connector-java\8.0.29\mysql-connector-java-8.0.29.jar;C:\Users\mathieu\.m2\repository\com\google\protobuf\protobuf-java\3.19.4\protobuf-java-3.19.4.jar;C:\Users\mathieu\.m2\repository\org\junit\jupiter\junit-jupiter-api\5.8.2\junit-jupiter-api-5.8.2.jar;C:\Users\mathieu\.m2\repository\org\opentest4j\opentest4j\1.2.0\opentest4j-1.2.0.jar;C:\Users\mathieu\.m2\repository\org\junit\platform\junit-platform-commons\1.8.2\junit-platform-commons-1.8.2.jar;C:\Users\mathieu\.m2\repository\org\apiguardian\apiguardian-api\1.1.2\apiguardian-api-1.1.2.jar;C:\Users\mathieu\.m2\repository\org\junit\jupiter\junit-jupiter-engine\5.8.1\junit-jupiter-engine-5.8.1.jar;C:\Users\mathieu\.m2\repository\org\junit\platform\junit-platform-engine\1.8.1\junit-platform-engine-1.8.1.jar;C:\Users\mathieu\.m2\repository\org\mockito\mockito-junit-jupiter\4.5.1\mockito-junit-jupiter-4.5.1.jar;C:\Users\mathieu\.m2\repository\org\mockito\mockito-core\4.5.1\mockito-core-4.5.1.jar;C:\Users\mathieu\.m2\repository\net\bytebuddy\byte-buddy\1.12.9\byte-buddy-1.12.9.jar;C:\Users\mathieu\.m2\repository\net\bytebuddy\byte-buddy-agent\1.12.9\byte-buddy-agent-1.12.9.jar;C:\Users\mathieu\.m2\repository\org\objenesis\objenesis\3.2\objenesis-3.2.jar;C:\Users\mathieu\.m2\repository\org\jacoco\jacoco-maven-plugin\0.8.8\jacoco-maven-plugin-0.8.8.jar;C:\Users\mathieu\.m2\repository\org\codehaus\plexus\plexus-utils\3.0.22\plexus-utils-3.0.22.jar;C:\Users\mathieu\.m2\repository\org\apache\maven\shared\file-management\1.2.1\file-management-1.2.1.jar;C:\Users\mathieu\.m2\repository\org\codehaus\plexus\plexus-container-default\1.0-alpha-9\plexus-container-default-1.0-alpha-9.jar;C:\Users\mathieu\.m2\repository\junit\junit\3.8.1\junit-3.8.1.jar;C:\Users\mathieu\.m2\repository\classworlds\classworlds\1.1-alpha-2\classworlds-1.1-alpha-2.jar;C:\Users\mathieu\.m2\repository\org\apache\maven\reporting\maven-reporting-api\3.0\maven-reporting-api-3.0.jar;C:\Users\mathieu\.m2\repository\org\jacoco\org.jacoco.agent\0.8.8\org.jacoco.agent-0.8.8-runtime.jar;C:\Users\mathieu\.m2\repository\org\jacoco\org.jacoco.core\0.8.8\org.jacoco.core-0.8.8.jar;C:\Users\mathieu\.m2\repository\org\jacoco\org.jacoco.report\0.8.8\org.jacoco.report-0.8.8.jar;C:\Users\mathieu\.m2\repository\org\apache\maven\plugins\maven-surefire-plugin\3.0.0-M5\maven-surefire-plugin-3.0.0-M5.jar;C:\Users\mathieu\.m2\repository\org\apache\maven\surefire\maven-surefire-common\3.0.0-M5\maven-surefire-common-3.0.0-M5.jar;C:\Users\mathieu\.m2\repository\org\apache\maven\surefire\surefire-api\3.0.0-M5\surefire-api-3.0.0-M5.jar;C:\Users\mathieu\.m2\repository\org\apache\maven\surefire\surefire-extensions-api\3.0.0-M5\surefire-extensions-api-3.0.0-M5.jar;C:\Users\mathieu\.m2\repository\org\apache\maven\surefire\surefire-booter\3.0.0-M5\surefire-booter-3.0.0-M5.jar;C:\Users\mathieu\.m2\repository\org\apache\maven\surefire\surefire-extensions-spi\3.0.0-M5\surefire-extensions-spi-3.0.0-M5.jar;C:\Users\mathieu\.m2\repository\org\apache\maven\maven-toolchain\3.0-alpha-2\maven-toolchain-3.0-alpha-2.jar;C:\Users\mathieu\.m2\repository\org\apache\maven\surefire\surefire-shared-utils\3.0.0-M4\surefire-shared-utils-3.0.0-M4.jar;C:\Users\mathieu\.m2\repository\org\apache\maven\plugins\maven-site-plugin\3.11.0\maven-site-plugin-3.11.0.jar;C:\Users\mathieu\.m2\repository\org\apache\maven\reporting\maven-reporting-exec\1.6.0\maven-reporting-exec-1.6.0.jar;C:\Users\mathieu\.m2\repository\org\apache\maven\maven-settings-builder\3.2.5\maven-settings-builder-3.2.5.jar;C:\Users\mathieu\.m2\repository\org\eclipse\aether\aether-util\1.0.0.v20140518\aether-util-1.0.0.v20140518.jar;C:\Users\mathieu\.m2\repository\org\eclipse\aether\aether-api\1.0.0.v20140518\aether-api-1.0.0.v20140518.jar;C:\Users\mathieu\.m2\repository\org\apache\maven\shared\maven-shared-utils\3.3.4\maven-shared-utils-3.3.4.jar;C:\Users\mathieu\.m2\repository\org\apache\maven\maven-archiver\3.5.2\maven-archiver-3.5.2.jar;C:\Users\mathieu\.m2\repository\org\apache\commons\commons-compress\1.20\commons-compress-1.20.jar;C:\Users\mathieu\.m2\repository\org\codehaus\plexus\plexus-archiver\4.2.5\plexus-archiver-4.2.5.jar;C:\Users\mathieu\.m2\repository\org\iq80\snappy\snappy\0.4\snappy-0.4.jar;C:\Users\mathieu\.m2\repository\org\tukaani\xz\1.9\xz-1.9.jar;C:\Users\mathieu\.m2\repository\org\codehaus\plexus\plexus-i18n\1.0-beta-10\plexus-i18n-1.0-beta-10.jar;C:\Users\mathieu\.m2\repository\org\apache\maven\doxia\doxia-sink-api\1.11.1\doxia-sink-api-1.11.1.jar;C:\Users\mathieu\.m2\repository\org\apache\maven\doxia\doxia-logging-api\1.11.1\doxia-logging-api-1.11.1.jar;C:\Users\mathieu\.m2\repository\org\apache\maven\doxia\doxia-core\1.11.1\doxia-core-1.11.1.jar;C:\Users\mathieu\.m2\repository\org\codehaus\plexus\plexus-component-annotations\2.1.0\plexus-component-annotations-2.1.0.jar;C:\Users\mathieu\.m2\repository\org\apache\httpcomponents\httpclient\4.5.13\httpclient-4.5.13.jar;C:\Users\mathieu\.m2\repository\org\apache\httpcomponents\httpcore\4.4.14\httpcore-4.4.14.jar;C:\Users\mathieu\.m2\repository\org\apache\maven\doxia\doxia-module-xhtml\1.11.1\doxia-module-xhtml-1.11.1.jar;C:\Users\mathieu\.m2\repository\org\apache\maven\doxia\doxia-module-xhtml5\1.11.1\doxia-module-xhtml5-1.11.1.jar;C:\Users\mathieu\.m2\repository\org\apache\maven\doxia\doxia-module-apt\1.11.1\doxia-module-apt-1.11.1.jar;C:\Users\mathieu\.m2\repository\org\apache\maven\doxia\doxia-module-xdoc\1.11.1\doxia-module-xdoc-1.11.1.jar;C:\Users\mathieu\.m2\repository\org\apache\maven\doxia\doxia-module-fml\1.11.1\doxia-module-fml-1.11.1.jar;C:\Users\mathieu\.m2\repository\org\apache\maven\doxia\doxia-module-markdown\1.11.1\doxia-module-markdown-1.11.1.jar;C:\Users\mathieu\.m2\repository\com\vladsch\flexmark\flexmark-all\0.42.14\flexmark-all-0.42.14.jar;C:\Users\mathieu\.m2\repository\com\vladsch\flexmark\flexmark\0.42.14\flexmark-0.42.14.jar;C:\Users\mathieu\.m2\repository\com\vladsch\flexmark\flexmark-ext-abbreviation\0.42.14\flexmark-ext-abbreviation-0.42.14.jar;C:\Users\mathieu\.m2\repository\com\vladsch\flexmark\flexmark-ext-admonition\0.42.14\flexmark-ext-admonition-0.42.14.jar;C:\Users\mathieu\.m2\repository\com\vladsch\flexmark\flexmark-ext-anchorlink\0.42.14\flexmark-ext-anchorlink-0.42.14.jar;C:\Users\mathieu\.m2\repository\com\vladsch\flexmark\flexmark-ext-aside\0.42.14\flexmark-ext-aside-0.42.14.jar;C:\Users\mathieu\.m2\repository\com\vladsch\flexmark\flexmark-ext-attributes\0.42.14\flexmark-ext-attributes-0.42.14.jar;C:\Users\mathieu\.m2\repository\com\vladsch\flexmark\flexmark-ext-autolink\0.42.14\flexmark-ext-autolink-0.42.14.jar;C:\Users\mathieu\.m2\repository\org\nibor\autolink\autolink\0.6.0\autolink-0.6.0.jar;C:\Users\mathieu\.m2\repository\com\vladsch\flexmark\flexmark-ext-definition\0.42.14\flexmark-ext-definition-0.42.14.jar;C:\Users\mathieu\.m2\repository\com\vladsch\flexmark\flexmark-ext-emoji\0.42.14\flexmark-ext-emoji-0.42.14.jar;C:\Users\mathieu\.m2\repository\com\vladsch\flexmark\flexmark-ext-enumerated-reference\0.42.14\flexmark-ext-enumerated-reference-0.42.14.jar;C:\Users\mathieu\.m2\repository\com\vladsch\flexmark\flexmark-ext-escaped-character\0.42.14\flexmark-ext-escaped-character-0.42.14.jar;C:\Users\mathieu\.m2\repository\com\vladsch\flexmark\flexmark-ext-footnotes\0.42.14\flexmark-ext-footnotes-0.42.14.jar;C:\Users\mathieu\.m2\repository\com\vladsch\flexmark\flexmark-ext-gfm-issues\0.42.14\flexmark-ext-gfm-issues-0.42.14.jar;C:\Users\mathieu\.m2\repository\com\vladsch\flexmark\flexmark-ext-gfm-strikethrough\0.42.14\flexmark-ext-gfm-strikethrough-0.42.14.jar;C:\Users\mathieu\.m2\repository\com\vladsch\flexmark\flexmark-ext-gfm-tables\0.42.14\flexmark-ext-gfm-tables-0.42.14.jar;C:\Users\mathieu\.m2\repository\com\vladsch\flexmark\flexmark-ext-gfm-tasklist\0.42.14\flexmark-ext-gfm-tasklist-0.42.14.jar;C:\Users\mathieu\.m2\repository\com\vladsch\flexmark\flexmark-ext-gfm-users\0.42.14\flexmark-ext-gfm-users-0.42.14.jar;C:\Users\mathieu\.m2\repository\com\vladsch\flexmark\flexmark-ext-gitlab\0.42.14\flexmark-ext-gitlab-0.42.14.jar;C:\Users\mathieu\.m2\repository\com\vladsch\flexmark\flexmark-ext-jekyll-front-matter\0.42.14\flexmark-ext-jekyll-front-matter-0.42.14.jar;C:\Users\mathieu\.m2\repository\com\vladsch\flexmark\flexmark-ext-jekyll-tag\0.42.14\flexmark-ext-jekyll-tag-0.42.14.jar;C:\Users\mathieu\.m2\repository\com\vladsch\flexmark\flexmark-ext-media-tags\0.42.14\flexmark-ext-media-tags-0.42.14.jar;C:\Users\mathieu\.m2\repository\com\vladsch\flexmark\flexmark-ext-macros\0.42.14\flexmark-ext-macros-0.42.14.jar;C:\Users\mathieu\.m2\repository\com\vladsch\flexmark\flexmark-ext-ins\0.42.14\flexmark-ext-ins-0.42.14.jar;C:\Users\mathieu\.m2\repository\com\vladsch\flexmark\flexmark-ext-xwiki-macros\0.42.14\flexmark-ext-xwiki-macros-0.42.14.jar;C:\Users\mathieu\.m2\repository\com\vladsch\flexmark\flexmark-ext-superscript\0.42.14\flexmark-ext-superscript-0.42.14.jar;C:\Users\mathieu\.m2\repository\com\vladsch\flexmark\flexmark-ext-tables\0.42.14\flexmark-ext-tables-0.42.14.jar;C:\Users\mathieu\.m2\repository\com\vladsch\flexmark\flexmark-ext-toc\0.42.14\flexmark-ext-toc-0.42.14.jar;C:\Users\mathieu\.m2\repository\com\vladsch\flexmark\flexmark-ext-typographic\0.42.14\flexmark-ext-typographic-0.42.14.jar;C:\Users\mathieu\.m2\repository\com\vladsch\flexmark\flexmark-ext-wikilink\0.42.14\flexmark-ext-wikilink-0.42.14.jar;C:\Users\mathieu\.m2\repository\com\vladsch\flexmark\flexmark-ext-yaml-front-matter\0.42.14\flexmark-ext-yaml-front-matter-0.42.14.jar;C:\Users\mathieu\.m2\repository\com\vladsch\flexmark\flexmark-ext-youtube-embedded\0.42.14\flexmark-ext-youtube-embedded-0.42.14.jar;C:\Users\mathieu\.m2\repository\com\vladsch\flexmark\flexmark-formatter\0.42.14\flexmark-formatter-0.42.14.jar;C:\Users\mathieu\.m2\repository\com\vladsch\flexmark\flexmark-html-parser\0.42.14\flexmark-html-parser-0.42.14.jar;C:\Users\mathieu\.m2\repository\org\jsoup\jsoup\1.10.2\jsoup-1.10.2.jar;C:\Users\mathieu\.m2\repository\com\vladsch\flexmark\flexmark-jira-converter\0.42.14\flexmark-jira-converter-0.42.14.jar;C:\Users\mathieu\.m2\repository\com\vladsch\flexmark\flexmark-profile-pegdown\0.42.14\flexmark-profile-pegdown-0.42.14.jar;C:\Users\mathieu\.m2\repository\com\vladsch\flexmark\flexmark-util\0.42.14\flexmark-util-0.42.14.jar;C:\Users\mathieu\.m2\repository\com\vladsch\flexmark\flexmark-youtrack-converter\0.42.14\flexmark-youtrack-converter-0.42.14.jar;C:\Users\mathieu\.m2\repository\org\apache\maven\doxia\doxia-module-confluence\1.11.1\doxia-module-confluence-1.11.1.jar;C:\Users\mathieu\.m2\repository\org\apache\maven\doxia\doxia-module-docbook-simple\1.11.1\doxia-module-docbook-simple-1.11.1.jar;C:\Users\mathieu\.m2\repository\org\apache\maven\doxia\doxia-module-twiki\1.11.1\doxia-module-twiki-1.11.1.jar;C:\Users\mathieu\.m2\repository\org\apache\maven\doxia\doxia-decoration-model\1.11.1\doxia-decoration-model-1.11.1.jar;C:\Users\mathieu\.m2\repository\org\apache\maven\doxia\doxia-site-renderer\1.11.1\doxia-site-renderer-1.11.1.jar;C:\Users\mathieu\.m2\repository\org\apache\maven\doxia\doxia-skin-model\1.11.1\doxia-skin-model-1.11.1.jar;C:\Users\mathieu\.m2\repository\org\codehaus\plexus\plexus-velocity\1.2\plexus-velocity-1.2.jar;C:\Users\mathieu\.m2\repository\org\apache\velocity\velocity\1.7\velocity-1.7.jar;C:\Users\mathieu\.m2\repository\org\apache\velocity\velocity-tools\2.0\velocity-tools-2.0.jar;C:\Users\mathieu\.m2\repository\commons-chain\commons-chain\1.1\commons-chain-1.1.jar;C:\Users\mathieu\.m2\repository\dom4j\dom4j\1.1\dom4j-1.1.jar;C:\Users\mathieu\.m2\repository\oro\oro\2.0.8\oro-2.0.8.jar;C:\Users\mathieu\.m2\repository\commons-collections\commons-collections\3.2.2\commons-collections-3.2.2.jar;C:\Users\mathieu\.m2\repository\org\apache\maven\doxia\doxia-integration-tools\1.11.1\doxia-integration-tools-1.11.1.jar;C:\Users\mathieu\.m2\repository\org\eclipse\jetty\jetty-server\9.2.29.v20191105\jetty-server-9.2.29.v20191105.jar;C:\Users\mathieu\.m2\repository\javax\servlet\javax.servlet-api\3.1.0\javax.servlet-api-3.1.0.jar;C:\Users\mathieu\.m2\repository\org\eclipse\jetty\jetty-http\9.2.29.v20191105\jetty-http-9.2.29.v20191105.jar;C:\Users\mathieu\.m2\repository\org\eclipse\jetty\jetty-io\9.2.29.v20191105\jetty-io-9.2.29.v20191105.jar;C:\Users\mathieu\.m2\repository\org\eclipse\jetty\jetty-servlet\9.2.29.v20191105\jetty-servlet-9.2.29.v20191105.jar;C:\Users\mathieu\.m2\repository\org\eclipse\jetty\jetty-security\9.2.29.v20191105\jetty-security-9.2.29.v20191105.jar;C:\Users\mathieu\.m2\repository\org\eclipse\jetty\jetty-webapp\9.2.29.v20191105\jetty-webapp-9.2.29.v20191105.jar;C:\Users\mathieu\.m2\repository\org\eclipse\jetty\jetty-xml\9.2.29.v20191105\jetty-xml-9.2.29.v20191105.jar;C:\Users\mathieu\.m2\repository\org\eclipse\jetty\jetty-util\9.2.29.v20191105\jetty-util-9.2.29.v20191105.jar;C:\Users\mathieu\.m2\repository\org\apache\commons\commons-lang3\3.8.1\commons-lang3-3.8.1.jar;C:\Users\mathieu\.m2\repository\commons-io\commons-io\2.6\commons-io-2.6.jar;C:\Users\mathieu\.m2\repository\org\apache\maven\plugins\maven-compiler-plugin\3.8.1\maven-compiler-plugin-3.8.1.jar;C:\Users\mathieu\.m2\repository\org\apache\maven\maven-plugin-api\3.0\maven-plugin-api-3.0.jar;C:\Users\mathieu\.m2\repository\org\sonatype\sisu\sisu-inject-plexus\1.4.2\sisu-inject-plexus-1.4.2.jar;C:\Users\mathieu\.m2\repository\org\sonatype\sisu\sisu-inject-bean\1.4.2\sisu-inject-bean-1.4.2.jar;C:\Users\mathieu\.m2\repository\org\sonatype\sisu\sisu-guice\2.1.7\sisu-guice-2.1.7-noaop.jar;C:\Users\mathieu\.m2\repository\org\apache\maven\maven-artifact\3.0\maven-artifact-3.0.jar;C:\Users\mathieu\.m2\repository\org\apache\maven\maven-core\3.0\maven-core-3.0.jar;C:\Users\mathieu\.m2\repository\org\apache\maven\maven-model-builder\3.0\maven-model-builder-3.0.jar;C:\Users\mathieu\.m2\repository\org\apache\maven\maven-aether-provider\3.0\maven-aether-provider-3.0.jar;C:\Users\mathieu\.m2\repository\org\sonatype\aether\aether-impl\1.7\aether-impl-1.7.jar;C:\Users\mathieu\.m2\repository\org\sonatype\aether\aether-spi\1.7\aether-spi-1.7.jar;C:\Users\mathieu\.m2\repository\org\sonatype\aether\aether-api\1.7\aether-api-1.7.jar;C:\Users\mathieu\.m2\repository\org\sonatype\aether\aether-util\1.7\aether-util-1.7.jar;C:\Users\mathieu\.m2\repository\org\codehaus\plexus\plexus-classworlds\2.2.3\plexus-classworlds-2.2.3.jar;C:\Users\mathieu\.m2\repository\org\sonatype\plexus\plexus-sec-dispatcher\1.3\plexus-sec-dispatcher-1.3.jar;C:\Users\mathieu\.m2\repository\org\sonatype\plexus\plexus-cipher\1.4\plexus-cipher-1.4.jar;C:\Users\mathieu\.m2\repository\org\apache\maven\shared\maven-shared-incremental\1.1\maven-shared-incremental-1.1.jar;C:\Users\mathieu\.m2\repository\org\codehaus\plexus\plexus-java\0.9.10\plexus-java-0.9.10.jar;C:\Users\mathieu\.m2\repository\com\thoughtworks\qdox\qdox\2.0-M8\qdox-2.0-M8.jar;C:\Users\mathieu\.m2\repository\org\codehaus\plexus\plexus-compiler-api\2.8.4\plexus-compiler-api-2.8.4.jar;C:\Users\mathieu\.m2\repository\org\codehaus\plexus\plexus-compiler-manager\2.8.4\plexus-compiler-manager-2.8.4.jar;C:\Users\mathieu\.m2\repository\org\codehaus\plexus\plexus-compiler-javac\2.8.4\plexus-compiler-javac-2.8.4.jar;C:\Users\mathieu\.m2\repository\org\apache\maven\plugins\maven-surefire-report-plugin\2.22.2\maven-surefire-report-plugin-2.22.2.jar;C:\Users\mathieu\.m2\repository\org\apache\maven\maven-project\2.2.1\maven-project-2.2.1.jar;C:\Users\mathieu\.m2\repository\org\apache\maven\maven-profile\2.2.1\maven-profile-2.2.1.jar;C:\Users\mathieu\.m2\repository\org\apache\maven\maven-artifact-manager\2.2.1\maven-artifact-manager-2.2.1.jar;C:\Users\mathieu\.m2\repository\backport-util-concurrent\backport-util-concurrent\3.1\backport-util-concurrent-3.1.jar;C:\Users\mathieu\.m2\repository\org\apache\maven\maven-plugin-registry\2.2.1\maven-plugin-registry-2.2.1.jar;C:\Users\mathieu\.m2\repository\org\apache\maven\maven-model\2.2.1\maven-model-2.2.1.jar;C:\Users\mathieu\.m2\repository\org\apache\maven\plugin-tools\maven-plugin-annotations\3.5.2\maven-plugin-annotations-3.5.2.jar;C:\Users\mathieu\.m2\repository\org\apache\maven\surefire\surefire-report-parser\2.22.2\surefire-report-parser-2.22.2.jar;C:\Users\mathieu\.m2\repository\org\apache\maven\surefire\surefire-logger-api\2.22.2\surefire-logger-api-2.22.2.jar;C:\Users\mathieu\.m2\repository\org\apache\maven\reporting\maven-reporting-impl\2.4\maven-reporting-impl-2.4.jar;C:\Users\mathieu\.m2\repository\org\apache\maven\plugins\maven-jar-plugin\3.2.0\maven-jar-plugin-3.2.0.jar;C:\Users\mathieu\.m2\repository\org\apache\maven\plugins\maven-assembly-plugin\3.3.0\maven-assembly-plugin-3.3.0.jar;C:\Users\mathieu\.m2\repository\org\apache\maven\shared\maven-common-artifact-filters\3.1.0\maven-common-artifact-filters-3.1.0.jar;C:\Users\mathieu\.m2\repository\org\apache\maven\shared\maven-artifact-transfer\0.11.0\maven-artifact-transfer-0.11.0.jar;C:\Users\mathieu\.m2\repository\org\codehaus\plexus\plexus-interpolation\1.25\plexus-interpolation-1.25.jar;C:\Users\mathieu\.m2\repository\org\apache\maven\shared\maven-shared-io\3.0.0\maven-shared-io-3.0.0.jar;C:\Users\mathieu\.m2\repository\org\apache\maven\maven-compat\3.0\maven-compat-3.0.jar;C:\Users\mathieu\.m2\repository\org\apache\maven\wagon\wagon-provider-api\2.10\wagon-provider-api-2.10.jar;C:\Users\mathieu\.m2\repository\org\apache\maven\shared\maven-filtering\3.1.1\maven-filtering-3.1.1.jar;C:\Users\mathieu\.m2\repository\org\sonatype\plexus\plexus-build-api\0.0.7\plexus-build-api-0.0.7.jar;C:\Users\mathieu\.m2\repository\org\codehaus\plexus\plexus-io\3.2.0\plexus-io-3.2.0.jar;C:\Users\mathieu\.m2\repository\commons-codec\commons-codec\1.6\commons-codec-1.6.jar;C:\Users\mathieu\.m2\repository\org\apache\maven\plugins\maven-project-info-reports-plugin\3.1.2\maven-project-info-reports-plugin-3.1.2.jar;C:\Users\mathieu\.m2\repository\org\apache\maven\maven-repository-metadata\3.0\maven-repository-metadata-3.0.jar;C:\Users\mathieu\.m2\repository\org\apache\maven\maven-settings\3.0\maven-settings-3.0.jar;C:\Users\mathieu\.m2\repository\org\apache\maven\shared\maven-dependency-tree\2.2\maven-dependency-tree-2.2.jar;C:\Users\mathieu\.m2\repository\org\apache\maven\shared\maven-shared-jar\1.2\maven-shared-jar-1.2.jar;C:\Users\mathieu\.m2\repository\org\codehaus\plexus\plexus-digest\1.0\plexus-digest-1.0.jar;C:\Users\mathieu\.m2\repository\org\apache\bcel\bcel\6.2\bcel-6.2.jar;C:\Users\mathieu\.m2\repository\org\apache\maven\scm\maven-scm-api\1.10.0\maven-scm-api-1.10.0.jar;C:\Users\mathieu\.m2\repository\org\apache\maven\scm\maven-scm-manager-plexus\1.10.0\maven-scm-manager-plexus-1.10.0.jar;C:\Users\mathieu\.m2\repository\org\apache\maven\scm\maven-scm-provider-hg\1.10.0\maven-scm-provider-hg-1.10.0.jar;C:\Users\mathieu\.m2\repository\org\apache\maven\scm\maven-scm-provider-perforce\1.10.0\maven-scm-provider-perforce-1.10.0.jar;C:\Users\mathieu\.m2\repository\org\apache\maven\scm\maven-scm-provider-starteam\1.10.0\maven-scm-provider-starteam-1.10.0.jar;C:\Users\mathieu\.m2\repository\org\apache\maven\scm\maven-scm-provider-svn-commons\1.10.0\maven-scm-provider-svn-commons-1.10.0.jar;C:\Users\mathieu\.m2\repository\org\apache\maven\scm\maven-scm-provider-svnexe\1.10.0\maven-scm-provider-svnexe-1.10.0.jar;C:\Users\mathieu\.m2\repository\commons-lang\commons-lang\2.6\commons-lang-2.6.jar;C:\Users\mathieu\.m2\repository\org\apache\maven\scm\maven-scm-provider-cvs-commons\1.10.0\maven-scm-provider-cvs-commons-1.10.0.jar;C:\Users\mathieu\.m2\repository\org\apache\maven\scm\maven-scm-provider-cvsexe\1.10.0\maven-scm-provider-cvsexe-1.10.0.jar;C:\Users\mathieu\.m2\repository\org\apache\maven\scm\maven-scm-provider-cvsjava\1.10.0\maven-scm-provider-cvsjava-1.10.0.jar;C:\Users\mathieu\.m2\repository\org\netbeans\lib\cvsclient\20060125\cvsclient-20060125.jar;C:\Users\mathieu\.m2\repository\ch\ethz\ganymed\ganymed-ssh2\build210\ganymed-ssh2-build210.jar;C:\Users\mathieu\.m2\repository\org\apache\maven\scm\maven-scm-provider-git-commons\1.10.0\maven-scm-provider-git-commons-1.10.0.jar;C:\Users\mathieu\.m2\repository\org\apache\maven\scm\maven-scm-provider-gitexe\1.10.0\maven-scm-provider-gitexe-1.10.0.jar;C:\Users\mathieu\.m2\repository\commons-validator\commons-validator\1.7\commons-validator-1.7.jar;C:\Users\mathieu\.m2\repository\commons-beanutils\commons-beanutils\1.9.4\commons-beanutils-1.9.4.jar;C:\Users\mathieu\.m2\repository\commons-digester\commons-digester\2.1\commons-digester-2.1.jar;C:\Users\mathieu\.m2\repository\commons-logging\commons-logging\1.2\commons-logging-1.2.jar;C:\Users\mathieu\.m2\repository\org\ow2\asm\asm\9.3\asm-9.3.jar;C:\Users\mathieu\.m2\repository\org\ow2\asm\asm-analysis\9.3\asm-analysis-9.3.jar;C:\Users\mathieu\.m2\repository\org\ow2\asm\asm-commons\9.3\asm-commons-9.3.jar;C:\Users\mathieu\.m2\repository\org\ow2\asm\asm-tree\9.3\asm-tree-9.3.jar;C:\Users\mathieu\.m2\repository\org\ow2\asm\asm-util\9.3\asm-util-9.3.jar;C:\Users\mathieu\.m2\repository\net\jcip\jcip-annotations\1.0\jcip-annotations-1.0.jar;C:\Users\mathieu\.m2\repository\org\dom4j\dom4j\2.1.3\dom4j-2.1.3.jar;C:\Users\mathieu\.m2\repository\org\apache\commons\commons-text\1.9\commons-text-1.9.jar;C:\Users\mathieu\.m2\repository\org\slf4j\slf4j-api\1.8.0-beta4\slf4j-api-1.8.0-beta4.jar;C:\Users\mathieu\.m2\repository\com\github\spotbugs\spotbugs-annotations\4.7.0\spotbugs-annotations-4.7.0.jar;C:\Users\mathieu\.m2\repository\com\google\code\findbugs\jsr305\3.0.2\jsr305-3.0.2.jar;C:\Users\mathieu\.m2\repository\com\google\code\gson\gson\2.9.0\gson-2.9.0.jar;C:\Users\mathieu\.m2\repository\jaxen\jaxen\1.2.0\jaxen-1.2.0.jar;C:\Users\mathieu\.m2\repository\net\sf\saxon\Saxon-HE\11.3\Saxon-HE-11.3.jar;C:\Users\mathieu\.m2\repository\org\xmlresolver\xmlresolver\4.2.0\xmlresolver-4.2.0.jar;C:\Users\mathieu\.m2\repository\xml-apis\xml-apis\1.4.01\xml-apis-1.4.01.jar;C:\Users\mathieu\.m2\repository\org\xmlresolver\xmlresolver\4.2.0\xmlresolver-4.2.0-data.jar;"/>
    <property name="java.vm.vendor" value="Oracle Corporation"/>
    <property name="sun.arch.data.model" value="64"/>
    <property name="user.variant" value=""/>
    <property name="java.vendor.url" value="https://java.oracle.com/"/>
    <property name="os.name" value="Windows 10"/>
    <property name="java.vm.specification.version" value="17"/>
    <property name="sun.java.launcher" value="SUN_STANDARD"/>
    <property name="user.country" value="FR"/>
    <property name="sun.boot.library.path" value="C:\Users\mathieu\.jdks\openjdk-17.0.2\bin"/>
    <property name="sun.java.command" value="C:\Users\mathieu\AppData\Local\Temp\surefire13105921714946433117\surefirebooter1479795335930237780.jar C:\Users\mathieu\AppData\Local\Temp\surefire13105921714946433117 2022-06-10T15-04-30_180-jvmRun1 surefire10007863735059473268tmp surefire_06104134381811094590tmp"/>
    <property name="jdk.debug" value="release"/>
    <property name="surefire.test.class.path" value="C:\Users\mathieu\Desktop\Formation Opencalssroom\Projet 4\P4_parkingSystem\target\test-classes;C:\Users\mathieu\Desktop\Formation Opencalssroom\Projet 4\P4_parkingSystem\target\classes;C:\Users\mathieu\.m2\repository\org\apache\logging\log4j\log4j-api\2.17.2\log4j-api-2.17.2.jar;C:\Users\mathieu\.m2\repository\org\apache\logging\log4j\log4j-core\2.17.2\log4j-core-2.17.2.jar;C:\Users\mathieu\.m2\repository\mysql\mysql-connector-java\8.0.29\mysql-connector-java-8.0.29.jar;C:\Users\mathieu\.m2\repository\com\google\protobuf\protobuf-java\3.19.4\protobuf-java-3.19.4.jar;C:\Users\mathieu\.m2\repository\org\junit\jupiter\junit-jupiter-api\5.8.2\junit-jupiter-api-5.8.2.jar;C:\Users\mathieu\.m2\repository\org\opentest4j\opentest4j\1.2.0\opentest4j-1.2.0.jar;C:\Users\mathieu\.m2\repository\org\junit\platform\junit-platform-commons\1.8.2\junit-platform-commons-1.8.2.jar;C:\Users\mathieu\.m2\repository\org\apiguardian\apiguardian-api\1.1.2\apiguardian-api-1.1.2.jar;C:\Users\mathieu\.m2\repository\org\junit\jupiter\junit-jupiter-engine\5.8.1\junit-jupiter-engine-5.8.1.jar;C:\Users\mathieu\.m2\repository\org\junit\platform\junit-platform-engine\1.8.1\junit-platform-engine-1.8.1.jar;C:\Users\mathieu\.m2\repository\org\mockito\mockito-junit-jupiter\4.5.1\mockito-junit-jupiter-4.5.1.jar;C:\Users\mathieu\.m2\repository\org\mockito\mockito-core\4.5.1\mockito-core-4.5.1.jar;C:\Users\mathieu\.m2\repository\net\bytebuddy\byte-buddy\1.12.9\byte-buddy-1.12.9.jar;C:\Users\mathieu\.m2\repository\net\bytebuddy\byte-buddy-agent\1.12.9\byte-buddy-agent-1.12.9.jar;C:\Users\mathieu\.m2\repository\org\objenesis\objenesis\3.2\objenesis-3.2.jar;C:\Users\mathieu\.m2\repository\org\jacoco\jacoco-maven-plugin\0.8.8\jacoco-maven-plugin-0.8.8.jar;C:\Users\mathieu\.m2\repository\org\codehaus\plexus\plexus-utils\3.0.22\plexus-utils-3.0.22.jar;C:\Users\mathieu\.m2\repository\org\apache\maven\shared\file-management\1.2.1\file-management-1.2.1.jar;C:\Users\mathieu\.m2\repository\org\codehaus\plexus\plexus-container-default\1.0-alpha-9\plexus-container-default-1.0-alpha-9.jar;C:\Users\mathieu\.m2\repository\junit\junit\3.8.1\junit-3.8.1.jar;C:\Users\mathieu\.m2\repository\classworlds\classworlds\1.1-alpha-2\classworlds-1.1-alpha-2.jar;C:\Users\mathieu\.m2\repository\org\apache\maven\reporting\maven-reporting-api\3.0\maven-reporting-api-3.0.jar;C:\Users\mathieu\.m2\repository\org\jacoco\org.jacoco.agent\0.8.8\org.jacoco.agent-0.8.8-runtime.jar;C:\Users\mathieu\.m2\repository\org\jacoco\org.jacoco.core\0.8.8\org.jacoco.core-0.8.8.jar;C:\Users\mathieu\.m2\repository\org\jacoco\org.jacoco.report\0.8.8\org.jacoco.report-0.8.8.jar;C:\Users\mathieu\.m2\repository\org\apache\maven\plugins\maven-surefire-plugin\3.0.0-M5\maven-surefire-plugin-3.0.0-M5.jar;C:\Users\mathieu\.m2\repository\org\apache\maven\surefire\maven-surefire-common\3.0.0-M5\maven-surefire-common-3.0.0-M5.jar;C:\Users\mathieu\.m2\repository\org\apache\maven\surefire\surefire-api\3.0.0-M5\surefire-api-3.0.0-M5.jar;C:\Users\mathieu\.m2\repository\org\apache\maven\surefire\surefire-extensions-api\3.0.0-M5\surefire-extensions-api-3.0.0-M5.jar;C:\Users\mathieu\.m2\repository\org\apache\maven\surefire\surefire-booter\3.0.0-M5\surefire-booter-3.0.0-M5.jar;C:\Users\mathieu\.m2\repository\org\apache\maven\surefire\surefire-extensions-spi\3.0.0-M5\surefire-extensions-spi-3.0.0-M5.jar;C:\Users\mathieu\.m2\repository\org\apache\maven\maven-toolchain\3.0-alpha-2\maven-toolchain-3.0-alpha-2.jar;C:\Users\mathieu\.m2\repository\org\apache\maven\surefire\surefire-shared-utils\3.0.0-M4\surefire-shared-utils-3.0.0-M4.jar;C:\Users\mathieu\.m2\repository\org\apache\maven\plugins\maven-site-plugin\3.11.0\maven-site-plugin-3.11.0.jar;C:\Users\mathieu\.m2\repository\org\apache\maven\reporting\maven-reporting-exec\1.6.0\maven-reporting-exec-1.6.0.jar;C:\Users\mathieu\.m2\repository\org\apache\maven\maven-settings-builder\3.2.5\maven-settings-builder-3.2.5.jar;C:\Users\mathieu\.m2\repository\org\eclipse\aether\aether-util\1.0.0.v20140518\aether-util-1.0.0.v20140518.jar;C:\Users\mathieu\.m2\repository\org\eclipse\aether\aether-api\1.0.0.v20140518\aether-api-1.0.0.v20140518.jar;C:\Users\mathieu\.m2\repository\org\apache\maven\shared\maven-shared-utils\3.3.4\maven-shared-utils-3.3.4.jar;C:\Users\mathieu\.m2\repository\org\apache\maven\maven-archiver\3.5.2\maven-archiver-3.5.2.jar;C:\Users\mathieu\.m2\repository\org\apache\commons\commons-compress\1.20\commons-compress-1.20.jar;C:\Users\mathieu\.m2\repository\org\codehaus\plexus\plexus-archiver\4.2.5\plexus-archiver-4.2.5.jar;C:\Users\mathieu\.m2\repository\org\iq80\snappy\snappy\0.4\snappy-0.4.jar;C:\Users\mathieu\.m2\repository\org\tukaani\xz\1.9\xz-1.9.jar;C:\Users\mathieu\.m2\repository\org\codehaus\plexus\plexus-i18n\1.0-beta-10\plexus-i18n-1.0-beta-10.jar;C:\Users\mathieu\.m2\repository\org\apache\maven\doxia\doxia-sink-api\1.11.1\doxia-sink-api-1.11.1.jar;C:\Users\mathieu\.m2\repository\org\apache\maven\doxia\doxia-logging-api\1.11.1\doxia-logging-api-1.11.1.jar;C:\Users\mathieu\.m2\repository\org\apache\maven\doxia\doxia-core\1.11.1\doxia-core-1.11.1.jar;C:\Users\mathieu\.m2\repository\org\codehaus\plexus\plexus-component-annotations\2.1.0\plexus-component-annotations-2.1.0.jar;C:\Users\mathieu\.m2\repository\org\apache\httpcomponents\httpclient\4.5.13\httpclient-4.5.13.jar;C:\Users\mathieu\.m2\repository\org\apache\httpcomponents\httpcore\4.4.14\httpcore-4.4.14.jar;C:\Users\mathieu\.m2\repository\org\apache\maven\doxia\doxia-module-xhtml\1.11.1\doxia-module-xhtml-1.11.1.jar;C:\Users\mathieu\.m2\repository\org\apache\maven\doxia\doxia-module-xhtml5\1.11.1\doxia-module-xhtml5-1.11.1.jar;C:\Users\mathieu\.m2\repository\org\apache\maven\doxia\doxia-module-apt\1.11.1\doxia-module-apt-1.11.1.jar;C:\Users\mathieu\.m2\repository\org\apache\maven\doxia\doxia-module-xdoc\1.11.1\doxia-module-xdoc-1.11.1.jar;C:\Users\mathieu\.m2\repository\org\apache\maven\doxia\doxia-module-fml\1.11.1\doxia-module-fml-1.11.1.jar;C:\Users\mathieu\.m2\repository\org\apache\maven\doxia\doxia-module-markdown\1.11.1\doxia-module-markdown-1.11.1.jar;C:\Users\mathieu\.m2\repository\com\vladsch\flexmark\flexmark-all\0.42.14\flexmark-all-0.42.14.jar;C:\Users\mathieu\.m2\repository\com\vladsch\flexmark\flexmark\0.42.14\flexmark-0.42.14.jar;C:\Users\mathieu\.m2\repository\com\vladsch\flexmark\flexmark-ext-abbreviation\0.42.14\flexmark-ext-abbreviation-0.42.14.jar;C:\Users\mathieu\.m2\repository\com\vladsch\flexmark\flexmark-ext-admonition\0.42.14\flexmark-ext-admonition-0.42.14.jar;C:\Users\mathieu\.m2\repository\com\vladsch\flexmark\flexmark-ext-anchorlink\0.42.14\flexmark-ext-anchorlink-0.42.14.jar;C:\Users\mathieu\.m2\repository\com\vladsch\flexmark\flexmark-ext-aside\0.42.14\flexmark-ext-aside-0.42.14.jar;C:\Users\mathieu\.m2\repository\com\vladsch\flexmark\flexmark-ext-attributes\0.42.14\flexmark-ext-attributes-0.42.14.jar;C:\Users\mathieu\.m2\repository\com\vladsch\flexmark\flexmark-ext-autolink\0.42.14\flexmark-ext-autolink-0.42.14.jar;C:\Users\mathieu\.m2\repository\org\nibor\autolink\autolink\0.6.0\autolink-0.6.0.jar;C:\Users\mathieu\.m2\repository\com\vladsch\flexmark\flexmark-ext-definition\0.42.14\flexmark-ext-definition-0.42.14.jar;C:\Users\mathieu\.m2\repository\com\vladsch\flexmark\flexmark-ext-emoji\0.42.14\flexmark-ext-emoji-0.42.14.jar;C:\Users\mathieu\.m2\repository\com\vladsch\flexmark\flexmark-ext-enumerated-reference\0.42.14\flexmark-ext-enumerated-reference-0.42.14.jar;C:\Users\mathieu\.m2\repository\com\vladsch\flexmark\flexmark-ext-escaped-character\0.42.14\flexmark-ext-escaped-character-0.42.14.jar;C:\Users\mathieu\.m2\repository\com\vladsch\flexmark\flexmark-ext-footnotes\0.42.14\flexmark-ext-footnotes-0.42.14.jar;C:\Users\mathieu\.m2\repository\com\vladsch\flexmark\flexmark-ext-gfm-issues\0.42.14\flexmark-ext-gfm-issues-0.42.14.jar;C:\Users\mathieu\.m2\repository\com\vladsch\flexmark\flexmark-ext-gfm-strikethrough\0.42.14\flexmark-ext-gfm-strikethrough-0.42.14.jar;C:\Users\mathieu\.m2\repository\com\vladsch\flexmark\flexmark-ext-gfm-tables\0.42.14\flexmark-ext-gfm-tables-0.42.14.jar;C:\Users\mathieu\.m2\repository\com\vladsch\flexmark\flexmark-ext-gfm-tasklist\0.42.14\flexmark-ext-gfm-tasklist-0.42.14.jar;C:\Users\mathieu\.m2\repository\com\vladsch\flexmark\flexmark-ext-gfm-users\0.42.14\flexmark-ext-gfm-users-0.42.14.jar;C:\Users\mathieu\.m2\repository\com\vladsch\flexmark\flexmark-ext-gitlab\0.42.14\flexmark-ext-gitlab-0.42.14.jar;C:\Users\mathieu\.m2\repository\com\vladsch\flexmark\flexmark-ext-jekyll-front-matter\0.42.14\flexmark-ext-jekyll-front-matter-0.42.14.jar;C:\Users\mathieu\.m2\repository\com\vladsch\flexmark\flexmark-ext-jekyll-tag\0.42.14\flexmark-ext-jekyll-tag-0.42.14.jar;C:\Users\mathieu\.m2\repository\com\vladsch\flexmark\flexmark-ext-media-tags\0.42.14\flexmark-ext-media-tags-0.42.14.jar;C:\Users\mathieu\.m2\repository\com\vladsch\flexmark\flexmark-ext-macros\0.42.14\flexmark-ext-macros-0.42.14.jar;C:\Users\mathieu\.m2\repository\com\vladsch\flexmark\flexmark-ext-ins\0.42.14\flexmark-ext-ins-0.42.14.jar;C:\Users\mathieu\.m2\repository\com\vladsch\flexmark\flexmark-ext-xwiki-macros\0.42.14\flexmark-ext-xwiki-macros-0.42.14.jar;C:\Users\mathieu\.m2\repository\com\vladsch\flexmark\flexmark-ext-superscript\0.42.14\flexmark-ext-superscript-0.42.14.jar;C:\Users\mathieu\.m2\repository\com\vladsch\flexmark\flexmark-ext-tables\0.42.14\flexmark-ext-tables-0.42.14.jar;C:\Users\mathieu\.m2\repository\com\vladsch\flexmark\flexmark-ext-toc\0.42.14\flexmark-ext-toc-0.42.14.jar;C:\Users\mathieu\.m2\repository\com\vladsch\flexmark\flexmark-ext-typographic\0.42.14\flexmark-ext-typographic-0.42.14.jar;C:\Users\mathieu\.m2\repository\com\vladsch\flexmark\flexmark-ext-wikilink\0.42.14\flexmark-ext-wikilink-0.42.14.jar;C:\Users\mathieu\.m2\repository\com\vladsch\flexmark\flexmark-ext-yaml-front-matter\0.42.14\flexmark-ext-yaml-front-matter-0.42.14.jar;C:\Users\mathieu\.m2\repository\com\vladsch\flexmark\flexmark-ext-youtube-embedded\0.42.14\flexmark-ext-youtube-embedded-0.42.14.jar;C:\Users\mathieu\.m2\repository\com\vladsch\flexmark\flexmark-formatter\0.42.14\flexmark-formatter-0.42.14.jar;C:\Users\mathieu\.m2\repository\com\vladsch\flexmark\flexmark-html-parser\0.42.14\flexmark-html-parser-0.42.14.jar;C:\Users\mathieu\.m2\repository\org\jsoup\jsoup\1.10.2\jsoup-1.10.2.jar;C:\Users\mathieu\.m2\repository\com\vladsch\flexmark\flexmark-jira-converter\0.42.14\flexmark-jira-converter-0.42.14.jar;C:\Users\mathieu\.m2\repository\com\vladsch\flexmark\flexmark-profile-pegdown\0.42.14\flexmark-profile-pegdown-0.42.14.jar;C:\Users\mathieu\.m2\repository\com\vladsch\flexmark\flexmark-util\0.42.14\flexmark-util-0.42.14.jar;C:\Users\mathieu\.m2\repository\com\vladsch\flexmark\flexmark-youtrack-converter\0.42.14\flexmark-youtrack-converter-0.42.14.jar;C:\Users\mathieu\.m2\repository\org\apache\maven\doxia\doxia-module-confluence\1.11.1\doxia-module-confluence-1.11.1.jar;C:\Users\mathieu\.m2\repository\org\apache\maven\doxia\doxia-module-docbook-simple\1.11.1\doxia-module-docbook-simple-1.11.1.jar;C:\Users\mathieu\.m2\repository\org\apache\maven\doxia\doxia-module-twiki\1.11.1\doxia-module-twiki-1.11.1.jar;C:\Users\mathieu\.m2\repository\org\apache\maven\doxia\doxia-decoration-model\1.11.1\doxia-decoration-model-1.11.1.jar;C:\Users\mathieu\.m2\repository\org\apache\maven\doxia\doxia-site-renderer\1.11.1\doxia-site-renderer-1.11.1.jar;C:\Users\mathieu\.m2\repository\org\apache\maven\doxia\doxia-skin-model\1.11.1\doxia-skin-model-1.11.1.jar;C:\Users\mathieu\.m2\repository\org\codehaus\plexus\plexus-velocity\1.2\plexus-velocity-1.2.jar;C:\Users\mathieu\.m2\repository\org\apache\velocity\velocity\1.7\velocity-1.7.jar;C:\Users\mathieu\.m2\repository\org\apache\velocity\velocity-tools\2.0\velocity-tools-2.0.jar;C:\Users\mathieu\.m2\repository\commons-chain\commons-chain\1.1\commons-chain-1.1.jar;C:\Users\mathieu\.m2\repository\dom4j\dom4j\1.1\dom4j-1.1.jar;C:\Users\mathieu\.m2\repository\oro\oro\2.0.8\oro-2.0.8.jar;C:\Users\mathieu\.m2\repository\commons-collections\commons-collections\3.2.2\commons-collections-3.2.2.jar;C:\Users\mathieu\.m2\repository\org\apache\maven\doxia\doxia-integration-tools\1.11.1\doxia-integration-tools-1.11.1.jar;C:\Users\mathieu\.m2\repository\org\eclipse\jetty\jetty-server\9.2.29.v20191105\jetty-server-9.2.29.v20191105.jar;C:\Users\mathieu\.m2\repository\javax\servlet\javax.servlet-api\3.1.0\javax.servlet-api-3.1.0.jar;C:\Users\mathieu\.m2\repository\org\eclipse\jetty\jetty-http\9.2.29.v20191105\jetty-http-9.2.29.v20191105.jar;C:\Users\mathieu\.m2\repository\org\eclipse\jetty\jetty-io\9.2.29.v20191105\jetty-io-9.2.29.v20191105.jar;C:\Users\mathieu\.m2\repository\org\eclipse\jetty\jetty-servlet\9.2.29.v20191105\jetty-servlet-9.2.29.v20191105.jar;C:\Users\mathieu\.m2\repository\org\eclipse\jetty\jetty-security\9.2.29.v20191105\jetty-security-9.2.29.v20191105.jar;C:\Users\mathieu\.m2\repository\org\eclipse\jetty\jetty-webapp\9.2.29.v20191105\jetty-webapp-9.2.29.v20191105.jar;C:\Users\mathieu\.m2\repository\org\eclipse\jetty\jetty-xml\9.2.29.v20191105\jetty-xml-9.2.29.v20191105.jar;C:\Users\mathieu\.m2\repository\org\eclipse\jetty\jetty-util\9.2.29.v20191105\jetty-util-9.2.29.v20191105.jar;C:\Users\mathieu\.m2\repository\org\apache\commons\commons-lang3\3.8.1\commons-lang3-3.8.1.jar;C:\Users\mathieu\.m2\repository\commons-io\commons-io\2.6\commons-io-2.6.jar;C:\Users\mathieu\.m2\repository\org\apache\maven\plugins\maven-compiler-plugin\3.8.1\maven-compiler-plugin-3.8.1.jar;C:\Users\mathieu\.m2\repository\org\apache\maven\maven-plugin-api\3.0\maven-plugin-api-3.0.jar;C:\Users\mathieu\.m2\repository\org\sonatype\sisu\sisu-inject-plexus\1.4.2\sisu-inject-plexus-1.4.2.jar;C:\Users\mathieu\.m2\repository\org\sonatype\sisu\sisu-inject-bean\1.4.2\sisu-inject-bean-1.4.2.jar;C:\Users\mathieu\.m2\repository\org\sonatype\sisu\sisu-guice\2.1.7\sisu-guice-2.1.7-noaop.jar;C:\Users\mathieu\.m2\repository\org\apache\maven\maven-artifact\3.0\maven-artifact-3.0.jar;C:\Users\mathieu\.m2\repository\org\apache\maven\maven-core\3.0\maven-core-3.0.jar;C:\Users\mathieu\.m2\repository\org\apache\maven\maven-model-builder\3.0\maven-model-builder-3.0.jar;C:\Users\mathieu\.m2\repository\org\apache\maven\maven-aether-provider\3.0\maven-aether-provider-3.0.jar;C:\Users\mathieu\.m2\repository\org\sonatype\aether\aether-impl\1.7\aether-impl-1.7.jar;C:\Users\mathieu\.m2\repository\org\sonatype\aether\aether-spi\1.7\aether-spi-1.7.jar;C:\Users\mathieu\.m2\repository\org\sonatype\aether\aether-api\1.7\aether-api-1.7.jar;C:\Users\mathieu\.m2\repository\org\sonatype\aether\aether-util\1.7\aether-util-1.7.jar;C:\Users\mathieu\.m2\repository\org\codehaus\plexus\plexus-classworlds\2.2.3\plexus-classworlds-2.2.3.jar;C:\Users\mathieu\.m2\repository\org\sonatype\plexus\plexus-sec-dispatcher\1.3\plexus-sec-dispatcher-1.3.jar;C:\Users\mathieu\.m2\repository\org\sonatype\plexus\plexus-cipher\1.4\plexus-cipher-1.4.jar;C:\Users\mathieu\.m2\repository\org\apache\maven\shared\maven-shared-incremental\1.1\maven-shared-incremental-1.1.jar;C:\Users\mathieu\.m2\repository\org\codehaus\plexus\plexus-java\0.9.10\plexus-java-0.9.10.jar;C:\Users\mathieu\.m2\repository\com\thoughtworks\qdox\qdox\2.0-M8\qdox-2.0-M8.jar;C:\Users\mathieu\.m2\repository\org\codehaus\plexus\plexus-compiler-api\2.8.4\plexus-compiler-api-2.8.4.jar;C:\Users\mathieu\.m2\repository\org\codehaus\plexus\plexus-compiler-manager\2.8.4\plexus-compiler-manager-2.8.4.jar;C:\Users\mathieu\.m2\repository\org\codehaus\plexus\plexus-compiler-javac\2.8.4\plexus-compiler-javac-2.8.4.jar;C:\Users\mathieu\.m2\repository\org\apache\maven\plugins\maven-surefire-report-plugin\2.22.2\maven-surefire-report-plugin-2.22.2.jar;C:\Users\mathieu\.m2\repository\org\apache\maven\maven-project\2.2.1\maven-project-2.2.1.jar;C:\Users\mathieu\.m2\repository\org\apache\maven\maven-profile\2.2.1\maven-profile-2.2.1.jar;C:\Users\mathieu\.m2\repository\org\apache\maven\maven-artifact-manager\2.2.1\maven-artifact-manager-2.2.1.jar;C:\Users\mathieu\.m2\repository\backport-util-concurrent\backport-util-concurrent\3.1\backport-util-concurrent-3.1.jar;C:\Users\mathieu\.m2\repository\org\apache\maven\maven-plugin-registry\2.2.1\maven-plugin-registry-2.2.1.jar;C:\Users\mathieu\.m2\repository\org\apache\maven\maven-model\2.2.1\maven-model-2.2.1.jar;C:\Users\mathieu\.m2\repository\org\apache\maven\plugin-tools\maven-plugin-annotations\3.5.2\maven-plugin-annotations-3.5.2.jar;C:\Users\mathieu\.m2\repository\org\apache\maven\surefire\surefire-report-parser\2.22.2\surefire-report-parser-2.22.2.jar;C:\Users\mathieu\.m2\repository\org\apache\maven\surefire\surefire-logger-api\2.22.2\surefire-logger-api-2.22.2.jar;C:\Users\mathieu\.m2\repository\org\apache\maven\reporting\maven-reporting-impl\2.4\maven-reporting-impl-2.4.jar;C:\Users\mathieu\.m2\repository\org\apache\maven\plugins\maven-jar-plugin\3.2.0\maven-jar-plugin-3.2.0.jar;C:\Users\mathieu\.m2\repository\org\apache\maven\plugins\maven-assembly-plugin\3.3.0\maven-assembly-plugin-3.3.0.jar;C:\Users\mathieu\.m2\repository\org\apache\maven\shared\maven-common-artifact-filters\3.1.0\maven-common-artifact-filters-3.1.0.jar;C:\Users\mathieu\.m2\repository\org\apache\maven\shared\maven-artifact-transfer\0.11.0\maven-artifact-transfer-0.11.0.jar;C:\Users\mathieu\.m2\repository\org\codehaus\plexus\plexus-interpolation\1.25\plexus-interpolation-1.25.jar;C:\Users\mathieu\.m2\repository\org\apache\maven\shared\maven-shared-io\3.0.0\maven-shared-io-3.0.0.jar;C:\Users\mathieu\.m2\repository\org\apache\maven\maven-compat\3.0\maven-compat-3.0.jar;C:\Users\mathieu\.m2\repository\org\apache\maven\wagon\wagon-provider-api\2.10\wagon-provider-api-2.10.jar;C:\Users\mathieu\.m2\repository\org\apache\maven\shared\maven-filtering\3.1.1\maven-filtering-3.1.1.jar;C:\Users\mathieu\.m2\repository\org\sonatype\plexus\plexus-build-api\0.0.7\plexus-build-api-0.0.7.jar;C:\Users\mathieu\.m2\repository\org\codehaus\plexus\plexus-io\3.2.0\plexus-io-3.2.0.jar;C:\Users\mathieu\.m2\repository\commons-codec\commons-codec\1.6\commons-codec-1.6.jar;C:\Users\mathieu\.m2\repository\org\apache\maven\plugins\maven-project-info-reports-plugin\3.1.2\maven-project-info-reports-plugin-3.1.2.jar;C:\Users\mathieu\.m2\repository\org\apache\maven\maven-repository-metadata\3.0\maven-repository-metadata-3.0.jar;C:\Users\mathieu\.m2\repository\org\apache\maven\maven-settings\3.0\maven-settings-3.0.jar;C:\Users\mathieu\.m2\repository\org\apache\maven\shared\maven-dependency-tree\2.2\maven-dependency-tree-2.2.jar;C:\Users\mathieu\.m2\repository\org\apache\maven\shared\maven-shared-jar\1.2\maven-shared-jar-1.2.jar;C:\Users\mathieu\.m2\repository\org\codehaus\plexus\plexus-digest\1.0\plexus-digest-1.0.jar;C:\Users\mathieu\.m2\repository\org\apache\bcel\bcel\6.2\bcel-6.2.jar;C:\Users\mathieu\.m2\repository\org\apache\maven\scm\maven-scm-api\1.10.0\maven-scm-api-1.10.0.jar;C:\Users\mathieu\.m2\repository\org\apache\maven\scm\maven-scm-manager-plexus\1.10.0\maven-scm-manager-plexus-1.10.0.jar;C:\Users\mathieu\.m2\repository\org\apache\maven\scm\maven-scm-provider-hg\1.10.0\maven-scm-provider-hg-1.10.0.jar;C:\Users\mathieu\.m2\repository\org\apache\maven\scm\maven-scm-provider-perforce\1.10.0\maven-scm-provider-perforce-1.10.0.jar;C:\Users\mathieu\.m2\repository\org\apache\maven\scm\maven-scm-provider-starteam\1.10.0\maven-scm-provider-starteam-1.10.0.jar;C:\Users\mathieu\.m2\repository\org\apache\maven\scm\maven-scm-provider-svn-commons\1.10.0\maven-scm-provider-svn-commons-1.10.0.jar;C:\Users\mathieu\.m2\repository\org\apache\maven\scm\maven-scm-provider-svnexe\1.10.0\maven-scm-provider-svnexe-1.10.0.jar;C:\Users\mathieu\.m2\repository\commons-lang\commons-lang\2.6\commons-lang-2.6.jar;C:\Users\mathieu\.m2\repository\org\apache\maven\scm\maven-scm-provider-cvs-commons\1.10.0\maven-scm-provider-cvs-commons-1.10.0.jar;C:\Users\mathieu\.m2\repository\org\apache\maven\scm\maven-scm-provider-cvsexe\1.10.0\maven-scm-provider-cvsexe-1.10.0.jar;C:\Users\mathieu\.m2\repository\org\apache\maven\scm\maven-scm-provider-cvsjava\1.10.0\maven-scm-provider-cvsjava-1.10.0.jar;C:\Users\mathieu\.m2\repository\org\netbeans\lib\cvsclient\20060125\cvsclient-20060125.jar;C:\Users\mathieu\.m2\repository\ch\ethz\ganymed\ganymed-ssh2\build210\ganymed-ssh2-build210.jar;C:\Users\mathieu\.m2\repository\org\apache\maven\scm\maven-scm-provider-git-commons\1.10.0\maven-scm-provider-git-commons-1.10.0.jar;C:\Users\mathieu\.m2\repository\org\apache\maven\scm\maven-scm-provider-gitexe\1.10.0\maven-scm-provider-gitexe-1.10.0.jar;C:\Users\mathieu\.m2\repository\commons-validator\commons-validator\1.7\commons-validator-1.7.jar;C:\Users\mathieu\.m2\repository\commons-beanutils\commons-beanutils\1.9.4\commons-beanutils-1.9.4.jar;C:\Users\mathieu\.m2\repository\commons-digester\commons-digester\2.1\commons-digester-2.1.jar;C:\Users\mathieu\.m2\repository\commons-logging\commons-logging\1.2\commons-logging-1.2.jar;C:\Users\mathieu\.m2\repository\org\ow2\asm\asm\9.3\asm-9.3.jar;C:\Users\mathieu\.m2\repository\org\ow2\asm\asm-analysis\9.3\asm-analysis-9.3.jar;C:\Users\mathieu\.m2\repository\org\ow2\asm\asm-commons\9.3\asm-commons-9.3.jar;C:\Users\mathieu\.m2\repository\org\ow2\asm\asm-tree\9.3\asm-tree-9.3.jar;C:\Users\mathieu\.m2\repository\org\ow2\asm\asm-util\9.3\asm-util-9.3.jar;C:\Users\mathieu\.m2\repository\net\jcip\jcip-annotations\1.0\jcip-annotations-1.0.jar;C:\Users\mathieu\.m2\repository\org\dom4j\dom4j\2.1.3\dom4j-2.1.3.jar;C:\Users\mathieu\.m2\repository\org\apache\commons\commons-text\1.9\commons-text-1.9.jar;C:\Users\mathieu\.m2\repository\org\slf4j\slf4j-api\1.8.0-beta4\slf4j-api-1.8.0-beta4.jar;C:\Users\mathieu\.m2\repository\com\github\spotbugs\spotbugs-annotations\4.7.0\spotbugs-annotations-4.7.0.jar;C:\Users\mathieu\.m2\repository\com\google\code\findbugs\jsr305\3.0.2\jsr305-3.0.2.jar;C:\Users\mathieu\.m2\repository\com\google\code\gson\gson\2.9.0\gson-2.9.0.jar;C:\Users\mathieu\.m2\repository\jaxen\jaxen\1.2.0\jaxen-1.2.0.jar;C:\Users\mathieu\.m2\repository\net\sf\saxon\Saxon-HE\11.3\Saxon-HE-11.3.jar;C:\Users\mathieu\.m2\repository\org\xmlresolver\xmlresolver\4.2.0\xmlresolver-4.2.0.jar;C:\Users\mathieu\.m2\repository\xml-apis\xml-apis\1.4.01\xml-apis-1.4.01.jar;C:\Users\mathieu\.m2\repository\org\xmlresolver\xmlresolver\4.2.0\xmlresolver-4.2.0-data.jar;"/>
    <property name="sun.cpu.endian" value="little"/>
    <property name="user.home" value="C:\Users\mathieu"/>
    <property name="user.language" value="fr"/>
    <property name="java.specification.vendor" value="Oracle Corporation"/>
    <property name="java.version.date" value="2022-01-18"/>
    <property name="java.home" value="C:\Users\mathieu\.jdks\openjdk-17.0.2"/>
    <property name="file.separator" value="\"/>
    <property name="basedir" value="C:\Users\mathieu\Desktop\Formation Opencalssroom\Projet 4\P4_parkingSystem"/>
    <property name="java.vm.compressedOopsMode" value="Zero based"/>
    <property name="line.separator" value="&#10;"/>
    <property name="java.vm.specification.vendor" value="Oracle Corporation"/>
    <property name="java.specification.name" value="Java Platform API Specification"/>
    <property name="surefire.real.class.path" value="C:\Users\mathieu\AppData\Local\Temp\surefire13105921714946433117\surefirebooter1479795335930237780.jar"/>
    <property name="user.script" value=""/>
    <property name="sun.management.compiler" value="HotSpot 64-Bit Tiered Compilers"/>
    <property name="java.runtime.version" value="17.0.2+8-86"/>
    <property name="user.name" value="mathieu"/>
    <property name="path.separator" value=";"/>
    <property name="os.version" value="10.0"/>
    <property name="java.runtime.name" value="OpenJDK Runtime Environment"/>
    <property name="file.encoding" value="Cp1252"/>
    <property name="java.vm.name" value="OpenJDK 64-Bit Server VM"/>
    <property name="localRepository" value="C:\Users\mathieu\.m2\repository"/>
    <property name="java.vendor.url.bug" value="https://bugreport.java.com/bugreport/"/>
    <property name="java.io.tmpdir" value="C:\Users\mathieu\AppData\Local\Temp\"/>
    <property name="idea.version" value="2022.1.1"/>
    <property name="java.version" value="17.0.2"/>
    <property name="user.dir" value="C:\Users\mathieu\Desktop\Formation Opencalssroom\Projet 4\P4_parkingSystem"/>
    <property name="os.arch" value="amd64"/>
    <property name="java.vm.specification.name" value="Java Virtual Machine Specification"/>
    <property name="sun.os.patch.level" value=""/>
    <property name="native.encoding" value="Cp1252"/>
    <property name="java.library.path" value="C:\Users\mathieu\.jdks\openjdk-17.0.2\bin;C:\WINDOWS\Sun\Java\bin;C:\WINDOWS\system32;C:\WINDOWS;C:\Program Files (x86)\Common Files\Oracle\Java\javapath;C:\Program Files (x86)\Common Files\ArcSoft\Bin;C:\windows\system32;C:\windows;C:\windows\System32\Wbem;C:\windows\System32\WindowsPowerShell\v1.0\;C:\Program Files (x86)\Windows Live\Shared;C:\WINDOWS\system32;C:\WINDOWS;C:\WINDOWS\System32\Wbem;C:\WINDOWS\System32\WindowsPowerShell\v1.0\;C:\Program Files (x86)\ATI Technologies\ATI.ACE\Core-Static;C:\Program Files (x86)\AMD\ATI.ACE\Core-Static;C:\Program Files (x86)\QuickTime\QTSystem\;C:\Program Files (x86)\Skype\Phone\;C:\Program Files (x86)\NVIDIA Corporation\PhysX\Common;C:\WINDOWS\system32;C:\WINDOWS;C:\WINDOWS\System32\Wbem;C:\WINDOWS\System32\WindowsPowerShell\v1.0\;C:\WINDOWS\System32\OpenSSH\;C:\Program Files\NVIDIA Corporation\NVIDIA NvDLISR;C:\Program Files\Mozilla Firefox;C:\Program Files\Java\jdk-14.0.2\bin;C:\Program Files\Java\jre1.8.0_261\bin;C:\Program Files\Git\cmd;C:\Program Files\MySQL\MySQL Shell 8.0\bin\;C:\Users\mathieu\AppData\Local\Microsoft\WindowsApps;C:\Users\mathieu\AppData\Local\Programs\Microsoft VS Code\bin;C:\Users\mathieu\AppData\Local\GitHubDesktop\bin;."/>
    <property name="java.vm.info" value="mixed mode, sharing"/>
    <property name="java.vendor" value="Oracle Corporation"/>
    <property name="java.vm.version" value="17.0.2+8-86"/>
    <property name="sun.io.unicode.encoding" value="UnicodeLittle"/>
    <property name="java.class.version" value="61.0"/>
  </properties>
  <testcase name="ParkingSpotEqualsFalseTest" classname="com.parkit.parkingsystem.dao.ParkingSpotDAOTest" time="5.341"/>
  <testcase name="getNextAvailableSlotNullParkingTypeTest" classname="com.parkit.parkingsystem.dao.ParkingSpotDAOTest" time="1.649"/>
  <testcase name="updateParkingWithNegativeParkingSlotTest" classname="com.parkit.parkingsystem.dao.ParkingSpotDAOTest" time="1.49"/>
  <testcase name="getNextAvailableSlotBikeTest" classname="com.parkit.parkingsystem.dao.ParkingSpotDAOTest" time="1.811"/>
  <testcase name="getNextAvailableSlotCarTest" classname="com.parkit.parkingsystem.dao.ParkingSpotDAOTest" time="1.469"/>
  <testcase name="ParkingSpotEqualsTrueTest" classname="com.parkit.parkingsystem.dao.ParkingSpotDAOTest" time="0.799"/>
  <testcase name="updateParkingTest" classname="com.parkit.parkingsystem.dao.ParkingSpotDAOTest" time="1.076"/>
  <testcase name="updateParkingWithNoParkingTypeTest" classname="com.parkit.parkingsystem.dao.ParkingSpotDAOTest" time="1.257"/>
</testsuite>